WSim version 0.99, rev. 20110816, build Apr 13 2018
copyright 2005, 2006, 2007, 2008, 2009, 2010, 2011
Citi Lab, INRIA, INSA de Lyon

wsim: pid 19510

================
== wsim start ==
================
================
== wsim stop  ==
================

,----
|  WSim stats:
|  -----------
|    simulation user time          : 192.712 s (192712000000 ns)
|    simulation backtracks         : 0
|  
|  Machine stats:
|  --------------
|    simulated time                : 775014634380 ns (775.014 s)
|    simulation speedup            : 4,02
|    machine exit with signal      : SIG_UI
|  
|  MCU:
|  ----
|    simulated mcu instructions    : 4050
|    simulated mcu cycles          : 13589
|    simulated mcu mean freq       : 17,53 c/s (0,00 MHz)
|    simulation mean freq          : 70,51 c/s (0,00 MHz)
|       - does not take into account sleep modes
|    mcu exit at PC                : 0x839c
|    mcu exit in LPM mode          : LPM4
|    mcu exit with IV              : 0x00000000
|  
|  DEVICES:
|  --------
|    - System Platform             :
|    - Led display red             :
|    - cma3000_spi                 :
|    - scp1000 device              :
|    - EZ430 Chronos LCD Display   :
`----
